[www.ballerine.com/index.html]
[backblue.gif]
[fade.gif]
[index.html]
[uploads-ssl.webflow.com/62a3bad46800eb4715b2faf1/css/ballerine.webflow.fcf5c17d5.css]
[ajax.googleapis.com/ajax/libs/webfont/1.6.26/webfont.js]
[use.typekit.net/cpz8tkt.js]
[uploads-ssl.webflow.com/62a3bad46800eb4715b2faf1/640066ba1d854aa392f26462_fav.png]
[uploads-ssl.webflow.com/62a3bad46800eb4715b2faf1/640066f74ae3950adcc5aefa_webclip.png]
[buttons.github.io/buttons.js]
[uploads-ssl.webflow.com/62a3bad46800eb4715b2faf1/646a23850847ecf19cb22783_noam avatar.png]
[uploads-ssl.webflow.com/62a3bad46800eb4715b2faf1/63f6264dc2cc3bd650d4f6ab_vera.png]
[uploads-ssl.webflow.com/62a3bad46800eb4715b2faf1/63f62714217be8e2a5257f22_money 2020.png]
[uploads-ssl.webflow.com/62a3bad46800eb4715b2faf1/63f626dbc2cc3b1784d502b3_sp global.png]
[uploads-ssl.webflow.com/62a3bad46800eb4715b2faf1/647472424741d34df768fe27_63f40bee4744d591e05ade60_Frame 56973 1.png]
[uploads-ssl.webflow.com/62a3bad46800eb4715b2faf1/64747243eec19d97a6f422fb_63f40bee4744d591e05ade60_Frame 56973 2.png]
[uploads-ssl.webflow.com/62a3bad46800eb4715b2faf1/6474724276590e82e09ee197_63f40bee4744d591e05ade60_Frame 56973 3.png]
[uploads-ssl.webflow.com/62a3bad46800eb4715b2faf1/647472425739d23f87cfa8d1_63f40bee4744d591e05ade60_Frame 56973 4.png]
[uploads-ssl.webflow.com/62a3bad46800eb4715b2faf1/647472424a0547694b58d8cb_63f40bee4744d591e05ade60_Frame 56973 5.png]
[uploads-ssl.webflow.com/62a3bad46800eb4715b2faf1/6474724288727267a002561e_63f40bee4744d591e05ade60_Frame 56973 6.png]
[uploads-ssl.webflow.com/62a3bad46800eb4715b2faf1/64747242ea6ad38a8d8c268e_63f40bee4744d591e05ade60_Frame 56973 7.png]
[uploads-ssl.webflow.com/62a3bad46800eb4715b2faf1/646777ac9a5998a3188dd918_Group 57032.png]
[uploads-ssl.webflow.com/62a3bad46800eb4715b2faf1/64677e6f51fc9ba4fb3d0878_Group 57035.png]
[uploads-ssl.webflow.com/62a3bad46800eb4715b2faf1/646b2355d9c8a8dbd40f633b_Group 57061.png]
[d3e54v103j8qbb.cloudfront.net/js/jquery-3.5.1.min.dc5e7f18c851bb.js]
[uploads-ssl.webflow.com/62a3bad46800eb4715b2faf1/js/webflow.71e2c7dff.js]
[snap.licdn.com/li.lms-analytics/insight.min.js]
[www.ballerine.com/index.html]
[uploads-ssl.webflow.com/62a3bad46800eb4715b2faf1/62a3bad56800ebd021b2fb7a_Group 413.png]
[uploads-ssl.webflow.com/62a3bad46800eb4715b2faf1/646747fac813541f479d723a_Product Popup.png]
[uploads-ssl.webflow.com/62a3bad46800eb4715b2faf1/6405ddb7e98faaf01a492a72_blue gradient.png]
[uploads-ssl.webflow.com/62a3bad46800eb4715b2faf1/css/ballerine.webflow.fcf5c17d5.css]
[www.googletagmanager.com/gtm5445.html]
[snap.licdn.com/li.lms-analytics/insight.min.js]
